17:01:20 **** Build of configuration Debug for project HeartbeatChecker ****
make -j8 all 
arm-none-eabi-gcc "../Drivers/STM32F4xx_HAL_Driver/Src/stm32f4xx_hal.c" -mcpu=cortex-m4 -std=gnu11 -g3 -DDEBUG -DUSE_HAL_DRIVER -DSTM32F407xx -c -I../USB_HOST/App -I../USB_HOST/Target -I../Core/Inc -I../Drivers/STM32F4xx_HAL_Driver/Inc -I../Drivers/STM32F4xx_HAL_Driver/Inc/Legacy -I../Middlewares/ST/STM32_USB_Host_Library/Core/Inc -I../Middlewares/ST/STM32_USB_Host_Library/Class/CDC/Inc -I../Drivers/CMSIS/Device/ST/STM32F4xx/Include -I../Drivers/CMSIS/Include -O0 -ffunction-sections -fdata-sections -Wall -fstack-usage -MMD -MP -MF"Drivers/STM32F4xx_HAL_Driver/Src/stm32f4xx_hal.d" -MT"Drivers/STM32F4xx_HAL_Driver/Src/stm32f4xx_hal.o" --specs=nano.specs -mfpu=fpv4-sp-d16 -mfloat-abi=hard -mthumb -o "Drivers/STM32F4xx_HAL_Driver/Src/stm32f4xx_hal.o"
arm-none-eabi-gcc "../Drivers/STM32F4xx_HAL_Driver/Src/stm32f4xx_hal_adc.c" -mcpu=cortex-m4 -std=gnu11 -g3 -DDEBUG -DUSE_HAL_DRIVER -DSTM32F407xx -c -I../USB_HOST/App -I../USB_HOST/Target -I../Core/Inc -I../Drivers/STM32F4xx_HAL_Driver/Inc -I../Drivers/STM32F4xx_HAL_Driver/Inc/Legacy -I../Middlewares/ST/STM32_USB_Host_Library/Core/Inc -I../Middlewares/ST/STM32_USB_Host_Library/Class/CDC/Inc -I../Drivers/CMSIS/Device/ST/STM32F4xx/Include -I../Drivers/CMSIS/Include -O0 -ffunction-sections -fdata-sections -Wall -fstack-usage -MMD -MP -MF"Drivers/STM32F4xx_HAL_Driver/Src/stm32f4xx_hal_adc.d" -MT"Drivers/STM32F4xx_HAL_Driver/Src/stm32f4xx_hal_adc.o" --specs=nano.specs -mfpu=fpv4-sp-d16 -mfloat-abi=hard -mthumb -o "Drivers/STM32F4xx_HAL_Driver/Src/stm32f4xx_hal_adc.o"
arm-none-eabi-gcc "../Drivers/STM32F4xx_HAL_Driver/Src/stm32f4xx_hal_adc_ex.c" -mcpu=cortex-m4 -std=gnu11 -g3 -DDEBUG -DUSE_HAL_DRIVER -DSTM32F407xx -c -I../USB_HOST/App -I../USB_HOST/Target -I../Core/Inc -I../Drivers/STM32F4xx_HAL_Driver/Inc -I../Drivers/STM32F4xx_HAL_Driver/Inc/Legacy -I../Middlewares/ST/STM32_USB_Host_Library/Core/Inc -I../Middlewares/ST/STM32_USB_Host_Library/Class/CDC/Inc -I../Drivers/CMSIS/Device/ST/STM32F4xx/Include -I../Drivers/CMSIS/Include -O0 -ffunction-sections -fdata-sections -Wall -fstack-usage -MMD -MP -MF"Drivers/STM32F4xx_HAL_Driver/Src/stm32f4xx_hal_adc_ex.d" -MT"Drivers/STM32F4xx_HAL_Driver/Src/stm32f4xx_hal_adc_ex.o" --specs=nano.specs -mfpu=fpv4-sp-d16 -mfloat-abi=hard -mthumb -o "Drivers/STM32F4xx_HAL_Driver/Src/stm32f4xx_hal_adc_ex.o"
arm-none-eabi-gcc "../Drivers/STM32F4xx_HAL_Driver/Src/stm32f4xx_hal_cortex.c" -mcpu=cortex-m4 -std=gnu11 -g3 -DDEBUG -DUSE_HAL_DRIVER -DSTM32F407xx -c -I../USB_HOST/App -I../USB_HOST/Target -I../Core/Inc -I../Drivers/STM32F4xx_HAL_Driver/Inc -I../Drivers/STM32F4xx_HAL_Driver/Inc/Legacy -I../Middlewares/ST/STM32_USB_Host_Library/Core/Inc -I../Middlewares/ST/STM32_USB_Host_Library/Class/CDC/Inc -I../Drivers/CMSIS/Device/ST/STM32F4xx/Include -I../Drivers/CMSIS/Include -O0 -ffunction-sections -fdata-sections -Wall -fstack-usage -MMD -MP -MF"Drivers/STM32F4xx_HAL_Driver/Src/stm32f4xx_hal_cortex.d" -MT"Drivers/STM32F4xx_HAL_Driver/Src/stm32f4xx_hal_cortex.o" --specs=nano.specs -mfpu=fpv4-sp-d16 -mfloat-abi=hard -mthumb -o "Drivers/STM32F4xx_HAL_Driver/Src/stm32f4xx_hal_cortex.o"
arm-none-eabi-gcc "../Drivers/STM32F4xx_HAL_Driver/Src/stm32f4xx_hal_dma.c" -mcpu=cortex-m4 -std=gnu11 -g3 -DDEBUG -DUSE_HAL_DRIVER -DSTM32F407xx -c -I../USB_HOST/App -I../USB_HOST/Target -I../Core/Inc -I../Drivers/STM32F4xx_HAL_Driver/Inc -I../Drivers/STM32F4xx_HAL_Driver/Inc/Legacy -I../Middlewares/ST/STM32_USB_Host_Library/Core/Inc -I../Middlewares/ST/STM32_USB_Host_Library/Class/CDC/Inc -I../Drivers/CMSIS/Device/ST/STM32F4xx/Include -I../Drivers/CMSIS/Include -O0 -ffunction-sections -fdata-sections -Wall -fstack-usage -MMD -MP -MF"Drivers/STM32F4xx_HAL_Driver/Src/stm32f4xx_hal_dma.d" -MT"Drivers/STM32F4xx_HAL_Driver/Src/stm32f4xx_hal_dma.o" --specs=nano.specs -mfpu=fpv4-sp-d16 -mfloat-abi=hard -mthumb -o "Drivers/STM32F4xx_HAL_Driver/Src/stm32f4xx_hal_dma.o"
arm-none-eabi-gcc "../Drivers/STM32F4xx_HAL_Driver/Src/stm32f4xx_hal_dma_ex.c" -mcpu=cortex-m4 -std=gnu11 -g3 -DDEBUG -DUSE_HAL_DRIVER -DSTM32F407xx -c -I../USB_HOST/App -I../USB_HOST/Target -I../Core/Inc -I../Drivers/STM32F4xx_HAL_Driver/Inc -I../Drivers/STM32F4xx_HAL_Driver/Inc/Legacy -I../Middlewares/ST/STM32_USB_Host_Library/Core/Inc -I../Middlewares/ST/STM32_USB_Host_Library/Class/CDC/Inc -I../Drivers/CMSIS/Device/ST/STM32F4xx/Include -I../Drivers/CMSIS/Include -O0 -ffunction-sections -fdata-sections -Wall -fstack-usage -MMD -MP -MF"Drivers/STM32F4xx_HAL_Driver/Src/stm32f4xx_hal_dma_ex.d" -MT"Drivers/STM32F4xx_HAL_Driver/Src/stm32f4xx_hal_dma_ex.o" --specs=nano.specs -mfpu=fpv4-sp-d16 -mfloat-abi=hard -mthumb -o "Drivers/STM32F4xx_HAL_Driver/Src/stm32f4xx_hal_dma_ex.o"
arm-none-eabi-gcc "../Drivers/STM32F4xx_HAL_Driver/Src/stm32f4xx_hal_exti.c" -mcpu=cortex-m4 -std=gnu11 -g3 -DDEBUG -DUSE_HAL_DRIVER -DSTM32F407xx -c -I../USB_HOST/App -I../USB_HOST/Target -I../Core/Inc -I../Drivers/STM32F4xx_HAL_Driver/Inc -I../Drivers/STM32F4xx_HAL_Driver/Inc/Legacy -I../Middlewares/ST/STM32_USB_Host_Library/Core/Inc -I../Middlewares/ST/STM32_USB_Host_Library/Class/CDC/Inc -I../Drivers/CMSIS/Device/ST/STM32F4xx/Include -I../Drivers/CMSIS/Include -O0 -ffunction-sections -fdata-sections -Wall -fstack-usage -MMD -MP -MF"Drivers/STM32F4xx_HAL_Driver/Src/stm32f4xx_hal_exti.d" -MT"Drivers/STM32F4xx_HAL_Driver/Src/stm32f4xx_hal_exti.o" --specs=nano.specs -mfpu=fpv4-sp-d16 -mfloat-abi=hard -mthumb -o "Drivers/STM32F4xx_HAL_Driver/Src/stm32f4xx_hal_exti.o"
arm-none-eabi-gcc "../Drivers/STM32F4xx_HAL_Driver/Src/stm32f4xx_hal_flash.c" -mcpu=cortex-m4 -std=gnu11 -g3 -DDEBUG -DUSE_HAL_DRIVER -DSTM32F407xx -c -I../USB_HOST/App -I../USB_HOST/Target -I../Core/Inc -I../Drivers/STM32F4xx_HAL_Driver/Inc -I../Drivers/STM32F4xx_HAL_Driver/Inc/Legacy -I../Middlewares/ST/STM32_USB_Host_Library/Core/Inc -I../Middlewares/ST/STM32_USB_Host_Library/Class/CDC/Inc -I../Drivers/CMSIS/Device/ST/STM32F4xx/Include -I../Drivers/CMSIS/Include -O0 -ffunction-sections -fdata-sections -Wall -fstack-usage -MMD -MP -MF"Drivers/STM32F4xx_HAL_Driver/Src/stm32f4xx_hal_flash.d" -MT"Drivers/STM32F4xx_HAL_Driver/Src/stm32f4xx_hal_flash.o" --specs=nano.specs -mfpu=fpv4-sp-d16 -mfloat-abi=hard -mthumb -o "Drivers/STM32F4xx_HAL_Driver/Src/stm32f4xx_hal_flash.o"
arm-none-eabi-gcc "../Drivers/STM32F4xx_HAL_Driver/Src/stm32f4xx_hal_flash_ex.c" -mcpu=cortex-m4 -std=gnu11 -g3 -DDEBUG -DUSE_HAL_DRIVER -DSTM32F407xx -c -I../USB_HOST/App -I../USB_HOST/Target -I../Core/Inc -I../Drivers/STM32F4xx_HAL_Driver/Inc -I../Drivers/STM32F4xx_HAL_Driver/Inc/Legacy -I../Middlewares/ST/STM32_USB_Host_Library/Core/Inc -I../Middlewares/ST/STM32_USB_Host_Library/Class/CDC/Inc -I../Drivers/CMSIS/Device/ST/STM32F4xx/Include -I../Drivers/CMSIS/Include -O0 -ffunction-sections -fdata-sections -Wall -fstack-usage -MMD -MP -MF"Drivers/STM32F4xx_HAL_Driver/Src/stm32f4xx_hal_flash_ex.d" -MT"Drivers/STM32F4xx_HAL_Driver/Src/stm32f4xx_hal_flash_ex.o" --specs=nano.specs -mfpu=fpv4-sp-d16 -mfloat-abi=hard -mthumb -o "Drivers/STM32F4xx_HAL_Driver/Src/stm32f4xx_hal_flash_ex.o"
arm-none-eabi-gcc "../Drivers/STM32F4xx_HAL_Driver/Src/stm32f4xx_hal_flash_ramfunc.c" -mcpu=cortex-m4 -std=gnu11 -g3 -DDEBUG -DUSE_HAL_DRIVER -DSTM32F407xx -c -I../USB_HOST/App -I../USB_HOST/Target -I../Core/Inc -I../Drivers/STM32F4xx_HAL_Driver/Inc -I../Drivers/STM32F4xx_HAL_Driver/Inc/Legacy -I../Middlewares/ST/STM32_USB_Host_Library/Core/Inc -I../Middlewares/ST/STM32_USB_Host_Library/Class/CDC/Inc -I../Drivers/CMSIS/Device/ST/STM32F4xx/Include -I../Drivers/CMSIS/Include -O0 -ffunction-sections -fdata-sections -Wall -fstack-usage -MMD -MP -MF"Drivers/STM32F4xx_HAL_Driver/Src/stm32f4xx_hal_flash_ramfunc.d" -MT"Drivers/STM32F4xx_HAL_Driver/Src/stm32f4xx_hal_flash_ramfunc.o" --specs=nano.specs -mfpu=fpv4-sp-d16 -mfloat-abi=hard -mthumb -o "Drivers/STM32F4xx_HAL_Driver/Src/stm32f4xx_hal_flash_ramfunc.o"
arm-none-eabi-gcc "../Drivers/STM32F4xx_HAL_Driver/Src/stm32f4xx_hal_gpio.c" -mcpu=cortex-m4 -std=gnu11 -g3 -DDEBUG -DUSE_HAL_DRIVER -DSTM32F407xx -c -I../USB_HOST/App -I../USB_HOST/Target -I../Core/Inc -I../Drivers/STM32F4xx_HAL_Driver/Inc -I../Drivers/STM32F4xx_HAL_Driver/Inc/Legacy -I../Middlewares/ST/STM32_USB_Host_Library/Core/Inc -I../Middlewares/ST/STM32_USB_Host_Library/Class/CDC/Inc -I../Drivers/CMSIS/Device/ST/STM32F4xx/Include -I../Drivers/CMSIS/Include -O0 -ffunction-sections -fdata-sections -Wall -fstack-usage -MMD -MP -MF"Drivers/STM32F4xx_HAL_Driver/Src/stm32f4xx_hal_gpio.d" -MT"Drivers/STM32F4xx_HAL_Driver/Src/stm32f4xx_hal_gpio.o" --specs=nano.specs -mfpu=fpv4-sp-d16 -mfloat-abi=hard -mthumb -o "Drivers/STM32F4xx_HAL_Driver/Src/stm32f4xx_hal_gpio.o"
arm-none-eabi-gcc "../Drivers/STM32F4xx_HAL_Driver/Src/stm32f4xx_hal_i2c.c" -mcpu=cortex-m4 -std=gnu11 -g3 -DDEBUG -DUSE_HAL_DRIVER -DSTM32F407xx -c -I../USB_HOST/App -I../USB_HOST/Target -I../Core/Inc -I../Drivers/STM32F4xx_HAL_Driver/Inc -I../Drivers/STM32F4xx_HAL_Driver/Inc/Legacy -I../Middlewares/ST/STM32_USB_Host_Library/Core/Inc -I../Middlewares/ST/STM32_USB_Host_Library/Class/CDC/Inc -I../Drivers/CMSIS/Device/ST/STM32F4xx/Include -I../Drivers/CMSIS/Include -O0 -ffunction-sections -fdata-sections -Wall -fstack-usage -MMD -MP -MF"Drivers/STM32F4xx_HAL_Driver/Src/stm32f4xx_hal_i2c.d" -MT"Drivers/STM32F4xx_HAL_Driver/Src/stm32f4xx_hal_i2c.o" --specs=nano.specs -mfpu=fpv4-sp-d16 -mfloat-abi=hard -mthumb -o "Drivers/STM32F4xx_HAL_Driver/Src/stm32f4xx_hal_i2c.o"
arm-none-eabi-gcc "../Drivers/STM32F4xx_HAL_Driver/Src/stm32f4xx_hal_i2c_ex.c" -mcpu=cortex-m4 -std=gnu11 -g3 -DDEBUG -DUSE_HAL_DRIVER -DSTM32F407xx -c -I../USB_HOST/App -I../USB_HOST/Target -I../Core/Inc -I../Drivers/STM32F4xx_HAL_Driver/Inc -I../Drivers/STM32F4xx_HAL_Driver/Inc/Legacy -I../Middlewares/ST/STM32_USB_Host_Library/Core/Inc -I../Middlewares/ST/STM32_USB_Host_Library/Class/CDC/Inc -I../Drivers/CMSIS/Device/ST/STM32F4xx/Include -I../Drivers/CMSIS/Include -O0 -ffunction-sections -fdata-sections -Wall -fstack-usage -MMD -MP -MF"Drivers/STM32F4xx_HAL_Driver/Src/stm32f4xx_hal_i2c_ex.d" -MT"Drivers/STM32F4xx_HAL_Driver/Src/stm32f4xx_hal_i2c_ex.o" --specs=nano.specs -mfpu=fpv4-sp-d16 -mfloat-abi=hard -mthumb -o "Drivers/STM32F4xx_HAL_Driver/Src/stm32f4xx_hal_i2c_ex.o"
arm-none-eabi-gcc "../Drivers/STM32F4xx_HAL_Driver/Src/stm32f4xx_hal_i2s.c" -mcpu=cortex-m4 -std=gnu11 -g3 -DDEBUG -DUSE_HAL_DRIVER -DSTM32F407xx -c -I../USB_HOST/App -I../USB_HOST/Target -I../Core/Inc -I../Drivers/STM32F4xx_HAL_Driver/Inc -I../Drivers/STM32F4xx_HAL_Driver/Inc/Legacy -I../Middlewares/ST/STM32_USB_Host_Library/Core/Inc -I../Middlewares/ST/STM32_USB_Host_Library/Class/CDC/Inc -I../Drivers/CMSIS/Device/ST/STM32F4xx/Include -I../Drivers/CMSIS/Include -O0 -ffunction-sections -fdata-sections -Wall -fstack-usage -MMD -MP -MF"Drivers/STM32F4xx_HAL_Driver/Src/stm32f4xx_hal_i2s.d" -MT"Drivers/STM32F4xx_HAL_Driver/Src/stm32f4xx_hal_i2s.o" --specs=nano.specs -mfpu=fpv4-sp-d16 -mfloat-abi=hard -mthumb -o "Drivers/STM32F4xx_HAL_Driver/Src/stm32f4xx_hal_i2s.o"
arm-none-eabi-gcc "../Drivers/STM32F4xx_HAL_Driver/Src/stm32f4xx_hal_i2s_ex.c" -mcpu=cortex-m4 -std=gnu11 -g3 -DDEBUG -DUSE_HAL_DRIVER -DSTM32F407xx -c -I../USB_HOST/App -I../USB_HOST/Target -I../Core/Inc -I../Drivers/STM32F4xx_HAL_Driver/Inc -I../Drivers/STM32F4xx_HAL_Driver/Inc/Legacy -I../Middlewares/ST/STM32_USB_Host_Library/Core/Inc -I../Middlewares/ST/STM32_USB_Host_Library/Class/CDC/Inc -I../Drivers/CMSIS/Device/ST/STM32F4xx/Include -I../Drivers/CMSIS/Include -O0 -ffunction-sections -fdata-sections -Wall -fstack-usage -MMD -MP -MF"Drivers/STM32F4xx_HAL_Driver/Src/stm32f4xx_hal_i2s_ex.d" -MT"Drivers/STM32F4xx_HAL_Driver/Src/stm32f4xx_hal_i2s_ex.o" --specs=nano.specs -mfpu=fpv4-sp-d16 -mfloat-abi=hard -mthumb -o "Drivers/STM32F4xx_HAL_Driver/Src/stm32f4xx_hal_i2s_ex.o"
arm-none-eabi-gcc "../Drivers/STM32F4xx_HAL_Driver/Src/stm32f4xx_hal_pwr.c" -mcpu=cortex-m4 -std=gnu11 -g3 -DDEBUG -DUSE_HAL_DRIVER -DSTM32F407xx -c -I../USB_HOST/App -I../USB_HOST/Target -I../Core/Inc -I../Drivers/STM32F4xx_HAL_Driver/Inc -I../Drivers/STM32F4xx_HAL_Driver/Inc/Legacy -I../Middlewares/ST/STM32_USB_Host_Library/Core/Inc -I../Middlewares/ST/STM32_USB_Host_Library/Class/CDC/Inc -I../Drivers/CMSIS/Device/ST/STM32F4xx/Include -I../Drivers/CMSIS/Include -O0 -ffunction-sections -fdata-sections -Wall -fstack-usage -MMD -MP -MF"Drivers/STM32F4xx_HAL_Driver/Src/stm32f4xx_hal_pwr.d" -MT"Drivers/STM32F4xx_HAL_Driver/Src/stm32f4xx_hal_pwr.o" --specs=nano.specs -mfpu=fpv4-sp-d16 -mfloat-abi=hard -mthumb -o "Drivers/STM32F4xx_HAL_Driver/Src/stm32f4xx_hal_pwr.o"
arm-none-eabi-gcc "../Drivers/STM32F4xx_HAL_Driver/Src/stm32f4xx_hal_pwr_ex.c" -mcpu=cortex-m4 -std=gnu11 -g3 -DDEBUG -DUSE_HAL_DRIVER -DSTM32F407xx -c -I../USB_HOST/App -I../USB_HOST/Target -I../Core/Inc -I../Drivers/STM32F4xx_HAL_Driver/Inc -I../Drivers/STM32F4xx_HAL_Driver/Inc/Legacy -I../Middlewares/ST/STM32_USB_Host_Library/Core/Inc -I../Middlewares/ST/STM32_USB_Host_Library/Class/CDC/Inc -I../Drivers/CMSIS/Device/ST/STM32F4xx/Include -I../Drivers/CMSIS/Include -O0 -ffunction-sections -fdata-sections -Wall -fstack-usage -MMD -MP -MF"Drivers/STM32F4xx_HAL_Driver/Src/stm32f4xx_hal_pwr_ex.d" -MT"Drivers/STM32F4xx_HAL_Driver/Src/stm32f4xx_hal_pwr_ex.o" --specs=nano.specs -mfpu=fpv4-sp-d16 -mfloat-abi=hard -mthumb -o "Drivers/STM32F4xx_HAL_Driver/Src/stm32f4xx_hal_pwr_ex.o"
arm-none-eabi-gcc "../Drivers/STM32F4xx_HAL_Driver/Src/stm32f4xx_hal_rcc.c" -mcpu=cortex-m4 -std=gnu11 -g3 -DDEBUG -DUSE_HAL_DRIVER -DSTM32F407xx -c -I../USB_HOST/App -I../USB_HOST/Target -I../Core/Inc -I../Drivers/STM32F4xx_HAL_Driver/Inc -I../Drivers/STM32F4xx_HAL_Driver/Inc/Legacy -I../Middlewares/ST/STM32_USB_Host_Library/Core/Inc -I../Middlewares/ST/STM32_USB_Host_Library/Class/CDC/Inc -I../Drivers/CMSIS/Device/ST/STM32F4xx/Include -I../Drivers/CMSIS/Include -O0 -ffunction-sections -fdata-sections -Wall -fstack-usage -MMD -MP -MF"Drivers/STM32F4xx_HAL_Driver/Src/stm32f4xx_hal_rcc.d" -MT"Drivers/STM32F4xx_HAL_Driver/Src/stm32f4xx_hal_rcc.o" --specs=nano.specs -mfpu=fpv4-sp-d16 -mfloat-abi=hard -mthumb -o "Drivers/STM32F4xx_HAL_Driver/Src/stm32f4xx_hal_rcc.o"
arm-none-eabi-gcc "../Drivers/STM32F4xx_HAL_Driver/Src/stm32f4xx_hal_rcc_ex.c" -mcpu=cortex-m4 -std=gnu11 -g3 -DDEBUG -DUSE_HAL_DRIVER -DSTM32F407xx -c -I../USB_HOST/App -I../USB_HOST/Target -I../Core/Inc -I../Drivers/STM32F4xx_HAL_Driver/Inc -I../Drivers/STM32F4xx_HAL_Driver/Inc/Legacy -I../Middlewares/ST/STM32_USB_Host_Library/Core/Inc -I../Middlewares/ST/STM32_USB_Host_Library/Class/CDC/Inc -I../Drivers/CMSIS/Device/ST/STM32F4xx/Include -I../Drivers/CMSIS/Include -O0 -ffunction-sections -fdata-sections -Wall -fstack-usage -MMD -MP -MF"Drivers/STM32F4xx_HAL_Driver/Src/stm32f4xx_hal_rcc_ex.d" -MT"Drivers/STM32F4xx_HAL_Driver/Src/stm32f4xx_hal_rcc_ex.o" --specs=nano.specs -mfpu=fpv4-sp-d16 -mfloat-abi=hard -mthumb -o "Drivers/STM32F4xx_HAL_Driver/Src/stm32f4xx_hal_rcc_ex.o"
arm-none-eabi-gcc "../Drivers/STM32F4xx_HAL_Driver/Src/stm32f4xx_hal_spi.c" -mcpu=cortex-m4 -std=gnu11 -g3 -DDEBUG -DUSE_HAL_DRIVER -DSTM32F407xx -c -I../USB_HOST/App -I../USB_HOST/Target -I../Core/Inc -I../Drivers/STM32F4xx_HAL_Driver/Inc -I../Drivers/STM32F4xx_HAL_Driver/Inc/Legacy -I../Middlewares/ST/STM32_USB_Host_Library/Core/Inc -I../Middlewares/ST/STM32_USB_Host_Library/Class/CDC/Inc -I../Drivers/CMSIS/Device/ST/STM32F4xx/Include -I../Drivers/CMSIS/Include -O0 -ffunction-sections -fdata-sections -Wall -fstack-usage -MMD -MP -MF"Drivers/STM32F4xx_HAL_Driver/Src/stm32f4xx_hal_spi.d" -MT"Drivers/STM32F4xx_HAL_Driver/Src/stm32f4xx_hal_spi.o" --specs=nano.specs -mfpu=fpv4-sp-d16 -mfloat-abi=hard -mthumb -o "Drivers/STM32F4xx_HAL_Driver/Src/stm32f4xx_hal_spi.o"
arm-none-eabi-gcc "../Drivers/STM32F4xx_HAL_Driver/Src/stm32f4xx_hal_tim.c" -mcpu=cortex-m4 -std=gnu11 -g3 -DDEBUG -DUSE_HAL_DRIVER -DSTM32F407xx -c -I../USB_HOST/App -I../USB_HOST/Target -I../Core/Inc -I../Drivers/STM32F4xx_HAL_Driver/Inc -I../Drivers/STM32F4xx_HAL_Driver/Inc/Legacy -I../Middlewares/ST/STM32_USB_Host_Library/Core/Inc -I../Middlewares/ST/STM32_USB_Host_Library/Class/CDC/Inc -I../Drivers/CMSIS/Device/ST/STM32F4xx/Include -I../Drivers/CMSIS/Include -O0 -ffunction-sections -fdata-sections -Wall -fstack-usage -MMD -MP -MF"Drivers/STM32F4xx_HAL_Driver/Src/stm32f4xx_hal_tim.d" -MT"Drivers/STM32F4xx_HAL_Driver/Src/stm32f4xx_hal_tim.o" --specs=nano.specs -mfpu=fpv4-sp-d16 -mfloat-abi=hard -mthumb -o "Drivers/STM32F4xx_HAL_Driver/Src/stm32f4xx_hal_tim.o"
arm-none-eabi-gcc "../Drivers/STM32F4xx_HAL_Driver/Src/stm32f4xx_hal_tim_ex.c" -mcpu=cortex-m4 -std=gnu11 -g3 -DDEBUG -DUSE_HAL_DRIVER -DSTM32F407xx -c -I../USB_HOST/App -I../USB_HOST/Target -I../Core/Inc -I../Drivers/STM32F4xx_HAL_Driver/Inc -I../Drivers/STM32F4xx_HAL_Driver/Inc/Legacy -I../Middlewares/ST/STM32_USB_Host_Library/Core/Inc -I../Middlewares/ST/STM32_USB_Host_Library/Class/CDC/Inc -I../Drivers/CMSIS/Device/ST/STM32F4xx/Include -I../Drivers/CMSIS/Include -O0 -ffunction-sections -fdata-sections -Wall -fstack-usage -MMD -MP -MF"Drivers/STM32F4xx_HAL_Driver/Src/stm32f4xx_hal_tim_ex.d" -MT"Drivers/STM32F4xx_HAL_Driver/Src/stm32f4xx_hal_tim_ex.o" --specs=nano.specs -mfpu=fpv4-sp-d16 -mfloat-abi=hard -mthumb -o "Drivers/STM32F4xx_HAL_Driver/Src/stm32f4xx_hal_tim_ex.o"
arm-none-eabi-gcc "../Drivers/STM32F4xx_HAL_Driver/Src/stm32f4xx_hal_uart.c" -mcpu=cortex-m4 -std=gnu11 -g3 -DDEBUG -DUSE_HAL_DRIVER -DSTM32F407xx -c -I../USB_HOST/App -I../USB_HOST/Target -I../Core/Inc -I../Drivers/STM32F4xx_HAL_Driver/Inc -I../Drivers/STM32F4xx_HAL_Driver/Inc/Legacy -I../Middlewares/ST/STM32_USB_Host_Library/Core/Inc -I../Middlewares/ST/STM32_USB_Host_Library/Class/CDC/Inc -I../Drivers/CMSIS/Device/ST/STM32F4xx/Include -I../Drivers/CMSIS/Include -O0 -ffunction-sections -fdata-sections -Wall -fstack-usage -MMD -MP -MF"Drivers/STM32F4xx_HAL_Driver/Src/stm32f4xx_hal_uart.d" -MT"Drivers/STM32F4xx_HAL_Driver/Src/stm32f4xx_hal_uart.o" --specs=nano.specs -mfpu=fpv4-sp-d16 -mfloat-abi=hard -mthumb -o "Drivers/STM32F4xx_HAL_Driver/Src/stm32f4xx_hal_uart.o"
arm-none-eabi-gcc "../Drivers/STM32F4xx_HAL_Driver/Src/stm32f4xx_ll_adc.c" -mcpu=cortex-m4 -std=gnu11 -g3 -DDEBUG -DUSE_HAL_DRIVER -DSTM32F407xx -c -I../USB_HOST/App -I../USB_HOST/Target -I../Core/Inc -I../Drivers/STM32F4xx_HAL_Driver/Inc -I../Drivers/STM32F4xx_HAL_Driver/Inc/Legacy -I../Middlewares/ST/STM32_USB_Host_Library/Core/Inc -I../Middlewares/ST/STM32_USB_Host_Library/Class/CDC/Inc -I../Drivers/CMSIS/Device/ST/STM32F4xx/Include -I../Drivers/CMSIS/Include -O0 -ffunction-sections -fdata-sections -Wall -fstack-usage -MMD -MP -MF"Drivers/STM32F4xx_HAL_Driver/Src/stm32f4xx_ll_adc.d" -MT"Drivers/STM32F4xx_HAL_Driver/Src/stm32f4xx_ll_adc.o" --specs=nano.specs -mfpu=fpv4-sp-d16 -mfloat-abi=hard -mthumb -o "Drivers/STM32F4xx_HAL_Driver/Src/stm32f4xx_ll_adc.o"
arm-none-eabi-gcc -mcpu=cortex-m4 -g3 -DDEBUG -c -x assembler-with-cpp -MMD -MP -MF"Core/Startup/startup_stm32f407vgtx.d" -MT"Core/Startup/startup_stm32f407vgtx.o" --specs=nano.specs -mfpu=fpv4-sp-d16 -mfloat-abi=hard -mthumb -o "Core/Startup/startup_stm32f407vgtx.o" "../Core/Startup/startup_stm32f407vgtx.s"
arm-none-eabi-gcc "../Core/Src/it.c" -mcpu=cortex-m4 -std=gnu11 -g3 -DDEBUG -DUSE_HAL_DRIVER -DSTM32F407xx -c -I../USB_HOST/App -I../USB_HOST/Target -I../Core/Inc -I../Drivers/STM32F4xx_HAL_Driver/Inc -I../Drivers/STM32F4xx_HAL_Driver/Inc/Legacy -I../Middlewares/ST/STM32_USB_Host_Library/Core/Inc -I../Middlewares/ST/STM32_USB_Host_Library/Class/CDC/Inc -I../Drivers/CMSIS/Device/ST/STM32F4xx/Include -I../Drivers/CMSIS/Include -O0 -ffunction-sections -fdata-sections -Wall -fstack-usage -MMD -MP -MF"Core/Src/it.d" -MT"Core/Src/it.o" --specs=nano.specs -mfpu=fpv4-sp-d16 -mfloat-abi=hard -mthumb -o "Core/Src/it.o"
arm-none-eabi-gcc "../Core/Src/main.c" -mcpu=cortex-m4 -std=gnu11 -g3 -DDEBUG -DUSE_HAL_DRIVER -DSTM32F407xx -c -I../USB_HOST/App -I../USB_HOST/Target -I../Core/Inc -I../Drivers/STM32F4xx_HAL_Driver/Inc -I../Drivers/STM32F4xx_HAL_Driver/Inc/Legacy -I../Middlewares/ST/STM32_USB_Host_Library/Core/Inc -I../Middlewares/ST/STM32_USB_Host_Library/Class/CDC/Inc -I../Drivers/CMSIS/Device/ST/STM32F4xx/Include -I../Drivers/CMSIS/Include -O0 -ffunction-sections -fdata-sections -Wall -fstack-usage -MMD -MP -MF"Core/Src/main.d" -MT"Core/Src/main.o" --specs=nano.specs -mfpu=fpv4-sp-d16 -mfloat-abi=hard -mthumb -o "Core/Src/main.o"
arm-none-eabi-gcc "../Core/Src/msp.c" -mcpu=cortex-m4 -std=gnu11 -g3 -DDEBUG -DUSE_HAL_DRIVER -DSTM32F407xx -c -I../USB_HOST/App -I../USB_HOST/Target -I../Core/Inc -I../Drivers/STM32F4xx_HAL_Driver/Inc -I../Drivers/STM32F4xx_HAL_Driver/Inc/Legacy -I../Middlewares/ST/STM32_USB_Host_Library/Core/Inc -I../Middlewares/ST/STM32_USB_Host_Library/Class/CDC/Inc -I../Drivers/CMSIS/Device/ST/STM32F4xx/Include -I../Drivers/CMSIS/Include -O0 -ffunction-sections -fdata-sections -Wall -fstack-usage -MMD -MP -MF"Core/Src/msp.d" -MT"Core/Src/msp.o" --specs=nano.specs -mfpu=fpv4-sp-d16 -mfloat-abi=hard -mthumb -o "Core/Src/msp.o"
arm-none-eabi-gcc "../Core/Src/syscalls.c" -mcpu=cortex-m4 -std=gnu11 -g3 -DDEBUG -DUSE_HAL_DRIVER -DSTM32F407xx -c -I../USB_HOST/App -I../USB_HOST/Target -I../Core/Inc -I../Drivers/STM32F4xx_HAL_Driver/Inc -I../Drivers/STM32F4xx_HAL_Driver/Inc/Legacy -I../Middlewares/ST/STM32_USB_Host_Library/Core/Inc -I../Middlewares/ST/STM32_USB_Host_Library/Class/CDC/Inc -I../Drivers/CMSIS/Device/ST/STM32F4xx/Include -I../Drivers/CMSIS/Include -O0 -ffunction-sections -fdata-sections -Wall -fstack-usage -MMD -MP -MF"Core/Src/syscalls.d" -MT"Core/Src/syscalls.o" --specs=nano.specs -mfpu=fpv4-sp-d16 -mfloat-abi=hard -mthumb -o "Core/Src/syscalls.o"
arm-none-eabi-gcc "../Core/Src/sysmem.c" -mcpu=cortex-m4 -std=gnu11 -g3 -DDEBUG -DUSE_HAL_DRIVER -DSTM32F407xx -c -I../USB_HOST/App -I../USB_HOST/Target -I../Core/Inc -I../Drivers/STM32F4xx_HAL_Driver/Inc -I../Drivers/STM32F4xx_HAL_Driver/Inc/Legacy -I../Middlewares/ST/STM32_USB_Host_Library/Core/Inc -I../Middlewares/ST/STM32_USB_Host_Library/Class/CDC/Inc -I../Drivers/CMSIS/Device/ST/STM32F4xx/Include -I../Drivers/CMSIS/Include -O0 -ffunction-sections -fdata-sections -Wall -fstack-usage -MMD -MP -MF"Core/Src/sysmem.d" -MT"Core/Src/sysmem.o" --specs=nano.specs -mfpu=fpv4-sp-d16 -mfloat-abi=hard -mthumb -o "Core/Src/sysmem.o"
arm-none-eabi-gcc "../Core/Src/system_stm32f4xx.c" -mcpu=cortex-m4 -std=gnu11 -g3 -DDEBUG -DUSE_HAL_DRIVER -DSTM32F407xx -c -I../USB_HOST/App -I../USB_HOST/Target -I../Core/Inc -I../Drivers/STM32F4xx_HAL_Driver/Inc -I../Drivers/STM32F4xx_HAL_Driver/Inc/Legacy -I../Middlewares/ST/STM32_USB_Host_Library/Core/Inc -I../Middlewares/ST/STM32_USB_Host_Library/Class/CDC/Inc -I../Drivers/CMSIS/Device/ST/STM32F4xx/Include -I../Drivers/CMSIS/Include -O0 -ffunction-sections -fdata-sections -Wall -fstack-usage -MMD -MP -MF"Core/Src/system_stm32f4xx.d" -MT"Core/Src/system_stm32f4xx.o" --specs=nano.specs -mfpu=fpv4-sp-d16 -mfloat-abi=hard -mthumb -o "Core/Src/system_stm32f4xx.o"
../Core/Src/msp.c: In function 'HAL_MspInit':
../Core/Src/msp.c:15:1: error: expected identifier before '}' token
   15 | }
      | ^
make: *** [Core/Src/subdir.mk:34: Core/Src/msp.o] Error 1
make: *** Waiting for unfinished jobs....
"make -j8 all" terminated with exit code 2. Build might be incomplete.
17:10:02 **** Incremental Build of configuration Debug for project HeartbeatChecker ****
make -j8 all 
arm-none-eabi-gcc "../Core/Src/msp.c" -mcpu=cortex-m4 -std=gnu11 -g3 -DDEBUG -DUSE_HAL_DRIVER -DSTM32F407xx -c -I../USB_HOST/App -I../USB_HOST/Target -I../Core/Inc -I../Drivers/STM32F4xx_HAL_Driver/Inc -I../Drivers/STM32F4xx_HAL_Driver/Inc/Legacy -I../Middlewares/ST/STM32_USB_Host_Library/Core/Inc -I../Middlewares/ST/STM32_USB_Host_Library/Class/CDC/Inc -I../Drivers/CMSIS/Device/ST/STM32F4xx/Include -I../Drivers/CMSIS/Include -O0 -ffunction-sections -fdata-sections -Wall -fstack-usage -MMD -MP -MF"Core/Src/msp.d" -MT"Core/Src/msp.o" --specs=nano.specs -mfpu=fpv4-sp-d16 -mfloat-abi=hard -mthumb -o "Core/Src/msp.o"
arm-none-eabi-gcc -o "HeartbeatChecker.elf" @"objects.list"   -mcpu=cortex-m4 -T"C:\Users\ASUS\Desktop\Project1\HeartbeatChecker\STM32F407VGTX_FLASH.ld" --specs=nosys.specs -Wl,-Map="HeartbeatChecker.map" -Wl,--gc-sections -static --specs=nano.specs -mfpu=fpv4-sp-d16 -mfloat-abi=hard -mthumb -Wl,--start-group -lc -lm -Wl,--end-group
Finished building target: HeartbeatChecker.elf
 
arm-none-eabi-size   HeartbeatChecker.elf 
arm-none-eabi-objdump -h -S  HeartbeatChecker.elf  > "HeartbeatChecker.list"
   text	   data	    bss	    dec	    hex	filename
   1376	     20	   1564	   2960	    b90	HeartbeatChecker.elf
Finished building: default.size.stdout
 
Finished building: HeartbeatChecker.list
 
17:39:20 **** Incremental Build of configuration Debug for project HeartbeatChecker ****
make -j8 all 
arm-none-eabi-gcc "../Core/Src/it.c" -mcpu=cortex-m4 -std=gnu11 -g3 -DDEBUG -DUSE_HAL_DRIVER -DSTM32F407xx -c -I../USB_HOST/App -I../USB_HOST/Target -I../Core/Inc -I../Drivers/STM32F4xx_HAL_Driver/Inc -I../Drivers/STM32F4xx_HAL_Driver/Inc/Legacy -I../Middlewares/ST/STM32_USB_Host_Library/Core/Inc -I../Middlewares/ST/STM32_USB_Host_Library/Class/CDC/Inc -I../Drivers/CMSIS/Device/ST/STM32F4xx/Include -I../Drivers/CMSIS/Include -O0 -ffunction-sections -fdata-sections -Wall -fstack-usage -MMD -MP -MF"Core/Src/it.d" -MT"Core/Src/it.o" --specs=nano.specs -mfpu=fpv4-sp-d16 -mfloat-abi=hard -mthumb -o "Core/Src/it.o"
arm-none-eabi-gcc "../Core/Src/main.c" -mcpu=cortex-m4 -std=gnu11 -g3 -DDEBUG -DUSE_HAL_DRIVER -DSTM32F407xx -c -I../USB_HOST/App -I../USB_HOST/Target -I../Core/Inc -I../Drivers/STM32F4xx_HAL_Driver/Inc -I../Drivers/STM32F4xx_HAL_Driver/Inc/Legacy -I../Middlewares/ST/STM32_USB_Host_Library/Core/Inc -I../Middlewares/ST/STM32_USB_Host_Library/Class/CDC/Inc -I../Drivers/CMSIS/Device/ST/STM32F4xx/Include -I../Drivers/CMSIS/Include -O0 -ffunction-sections -fdata-sections -Wall -fstack-usage -MMD -MP -MF"Core/Src/main.d" -MT"Core/Src/main.o" --specs=nano.specs -mfpu=fpv4-sp-d16 -mfloat-abi=hard -mthumb -o "Core/Src/main.o"
arm-none-eabi-gcc "../Core/Src/msp.c" -mcpu=cortex-m4 -std=gnu11 -g3 -DDEBUG -DUSE_HAL_DRIVER -DSTM32F407xx -c -I../USB_HOST/App -I../USB_HOST/Target -I../Core/Inc -I../Drivers/STM32F4xx_HAL_Driver/Inc -I../Drivers/STM32F4xx_HAL_Driver/Inc/Legacy -I../Middlewares/ST/STM32_USB_Host_Library/Core/Inc -I../Middlewares/ST/STM32_USB_Host_Library/Class/CDC/Inc -I../Drivers/CMSIS/Device/ST/STM32F4xx/Include -I../Drivers/CMSIS/Include -O0 -ffunction-sections -fdata-sections -Wall -fstack-usage -MMD -MP -MF"Core/Src/msp.d" -MT"Core/Src/msp.o" --specs=nano.specs -mfpu=fpv4-sp-d16 -mfloat-abi=hard -mthumb -o "Core/Src/msp.o"
../Core/Src/it.c: In function 'SysTick_Handler':
../Core/Src/it.c:11:2: warning: implicit declaration of function 'HAL_IncTick' [-Wimplicit-function-declaration]
   11 |  HAL_IncTick();
      |  ^~~~~~~~~~~
../Core/Src/it.c:12:2: warning: implicit declaration of function 'HAL_SYSTICK_IRQHandler' [-Wimplicit-function-declaration]
   12 |  HAL_SYSTICK_IRQHandler();
      |  ^~~~~~~~~~~~~~~~~~~~~~
../Core/Src/main.c: In function 'ConfigureSystemClock':
../Core/Src/main.c:44:3: warning: implicit declaration of function 'Error_Handler' [-Wimplicit-function-declaration]
   44 |   Error_Handler();
      |   ^~~~~~~~~~~~~
arm-none-eabi-gcc -o "HeartbeatChecker.elf" @"objects.list"   -mcpu=cortex-m4 -T"C:\Users\ASUS\Desktop\Project1\HeartbeatChecker\STM32F407VGTX_FLASH.ld" --specs=nosys.specs -Wl,-Map="HeartbeatChecker.map" -Wl,--gc-sections -static --specs=nano.specs -mfpu=fpv4-sp-d16 -mfloat-abi=hard -mthumb -Wl,--start-group -lc -lm -Wl,--end-group
c:\st\stm32cubeide_1.9.0\stm32cubeide\plugins\com.st.stm32cube.ide.mcu.externaltools.gnu-tools-for-stm32.10.3-2021.10.win32_1.0.0.202111181127\tools\arm-none-eabi\bin\ld.exe: ./Core/Src/main.o: in function `ConfigureSystemClock':
C:/Users/ASUS/Desktop/Project1/HeartbeatChecker/Debug/../Core/Src/main.c:44: undefined reference to `Error_Handler'
c:\st\stm32cubeide_1.9.0\stm32cubeide\plugins\com.st.stm32cube.ide.mcu.externaltools.gnu-tools-for-stm32.10.3-2021.10.win32_1.0.0.202111181127\tools\arm-none-eabi\bin\ld.exe: C:/Users/ASUS/Desktop/Project1/HeartbeatChecker/Debug/../Core/Src/main.c:56: undefined reference to `Error_Handler'
collect2.exe: error: ld returned 1 exit status
make: *** [makefile:64: HeartbeatChecker.elf] Error 1
"make -j8 all" terminated with exit code 2. Build might be incomplete.
17:41:56 **** Incremental Build of configuration Debug for project HeartbeatChecker ****
make -j8 all 
arm-none-eabi-gcc "../Core/Src/main.c" -mcpu=cortex-m4 -std=gnu11 -g3 -DDEBUG -DUSE_HAL_DRIVER -DSTM32F407xx -c -I../USB_HOST/App -I../USB_HOST/Target -I../Core/Inc -I../Drivers/STM32F4xx_HAL_Driver/Inc -I../Drivers/STM32F4xx_HAL_Driver/Inc/Legacy -I../Middlewares/ST/STM32_USB_Host_Library/Core/Inc -I../Middlewares/ST/STM32_USB_Host_Library/Class/CDC/Inc -I../Drivers/CMSIS/Device/ST/STM32F4xx/Include -I../Drivers/CMSIS/Include -O0 -ffunction-sections -fdata-sections -Wall -fstack-usage -MMD -MP -MF"Core/Src/main.d" -MT"Core/Src/main.o" --specs=nano.specs -mfpu=fpv4-sp-d16 -mfloat-abi=hard -mthumb -o "Core/Src/main.o"
arm-none-eabi-gcc -o "HeartbeatChecker.elf" @"objects.list"   -mcpu=cortex-m4 -T"C:\Users\ASUS\Desktop\Project1\HeartbeatChecker\STM32F407VGTX_FLASH.ld" --specs=nosys.specs -Wl,-Map="HeartbeatChecker.map" -Wl,--gc-sections -static --specs=nano.specs -mfpu=fpv4-sp-d16 -mfloat-abi=hard -mthumb -Wl,--start-group -lc -lm -Wl,--end-group
Finished building target: HeartbeatChecker.elf
 
arm-none-eabi-size   HeartbeatChecker.elf 
arm-none-eabi-objdump -h -S  HeartbeatChecker.elf  > "HeartbeatChecker.list"
   text	   data	    bss	    dec	    hex	filename
   4644	     20	   1572	   6236	   185c	HeartbeatChecker.elf
Finished building: default.size.stdout
 
Finished building: HeartbeatChecker.list
 
17:47:36 **** Incremental Build of configuration Debug for project HeartbeatChecker ****
make -j8 all 
arm-none-eabi-gcc "../Core/Src/main.c" -mcpu=cortex-m4 -std=gnu11 -g3 -DDEBUG -DUSE_HAL_DRIVER -DSTM32F407xx -c -I../USB_HOST/App -I../USB_HOST/Target -I../Core/Inc -I../Drivers/STM32F4xx_HAL_Driver/Inc -I../Drivers/STM32F4xx_HAL_Driver/Inc/Legacy -I../Middlewares/ST/STM32_USB_Host_Library/Core/Inc -I../Middlewares/ST/STM32_USB_Host_Library/Class/CDC/Inc -I../Drivers/CMSIS/Device/ST/STM32F4xx/Include -I../Drivers/CMSIS/Include -O0 -ffunction-sections -fdata-sections -Wall -fstack-usage -MMD -MP -MF"Core/Src/main.d" -MT"Core/Src/main.o" --specs=nano.specs -mfpu=fpv4-sp-d16 -mfloat-abi=hard -mthumb -o "Core/Src/main.o"
arm-none-eabi-gcc "../Core/Src/msp.c" -mcpu=cortex-m4 -std=gnu11 -g3 -DDEBUG -DUSE_HAL_DRIVER -DSTM32F407xx -c -I../USB_HOST/App -I../USB_HOST/Target -I../Core/Inc -I../Drivers/STM32F4xx_HAL_Driver/Inc -I../Drivers/STM32F4xx_HAL_Driver/Inc/Legacy -I../Middlewares/ST/STM32_USB_Host_Library/Core/Inc -I../Middlewares/ST/STM32_USB_Host_Library/Class/CDC/Inc -I../Drivers/CMSIS/Device/ST/STM32F4xx/Include -I../Drivers/CMSIS/Include -O0 -ffunction-sections -fdata-sections -Wall -fstack-usage -MMD -MP -MF"Core/Src/msp.d" -MT"Core/Src/msp.o" --specs=nano.specs -mfpu=fpv4-sp-d16 -mfloat-abi=hard -mthumb -o "Core/Src/msp.o"
../Core/Src/main.c: In function 'ConfigureUART':
../Core/Src/main.c:65:8: error: 'UART_InitTypeDef' has no member named 'Instance'
   65 |  huart2.Instance = USART2;
      |        ^
../Core/Src/main.c:66:8: error: 'UART_InitTypeDef' has no member named 'Init'
   66 |  huart2.Init.BaudRate = 115200;
      |        ^
../Core/Src/main.c:67:8: error: 'UART_InitTypeDef' has no member named 'Init'
   67 |  huart2.Init.WordLength = UART_WORDLENGTH_8B;
      |        ^
../Core/Src/main.c:68:8: error: 'UART_InitTypeDef' has no member named 'Init'
   68 |  huart2.Init.StopBits = UART_STOPBITS_1;
      |        ^
../Core/Src/main.c:69:8: error: 'UART_InitTypeDef' has no member named 'Init'
   69 |  huart2.Init.Parity = UART_PARITY_NONE;
      |        ^
../Core/Src/main.c:70:8: error: 'UART_InitTypeDef' has no member named 'Init'
   70 |  huart2.Init.HwFlowCtl = UART_HWCONTROL_NONE;
      |        ^
../Core/Src/main.c:71:8: error: 'UART_InitTypeDef' has no member named 'Init'
   71 |  huart2.Init.Mode = UART_MODE_TX_RX;
      |        ^
../Core/Src/main.c:72:19: warning: passing argument 1 of 'HAL_UART_Init' from incompatible pointer type [-Wincompatible-pointer-types]
   72 |  if(HAL_UART_Init(&huart2) != HAL_OK)
      |                   ^~~~~~~
      |                   |
      |                   UART_InitTypeDef *
In file included from ../Core/Inc/stm32f4xx_hal_conf.h:407,
                 from ../Drivers/STM32F4xx_HAL_Driver/Inc/stm32f4xx_hal.h:29,
                 from ../Core/Inc/main.h:11,
                 from ../Core/Src/main.c:8:
../Drivers/STM32F4xx_HAL_Driver/Inc/stm32f4xx_hal_uart.h:695:53: note: expected 'UART_HandleTypeDef *' {aka 'struct __UART_HandleTypeDef *'} but argument is of type 'UART_InitTypeDef *'
  695 | HAL_StatusTypeDef HAL_UART_Init(UART_HandleTypeDef *huart);
      |                                 ~~~~~~~~~~~~~~~~~~~~^~~~~
../Core/Src/main.c:74:3: warning: implicit declaration of function 'Error_handler'; did you mean 'Error_Handler'? [-Wimplicit-function-declaration]
   74 |   Error_handler();
      |   ^~~~~~~~~~~~~
      |   Error_Handler
make: *** [Core/Src/subdir.mk:34: Core/Src/main.o] Error 1
make: *** Waiting for unfinished jobs....
"make -j8 all" terminated with exit code 2. Build might be incomplete.
17:47:47 **** Incremental Build of configuration Debug for project HeartbeatChecker ****
make -j8 all 
arm-none-eabi-gcc "../Core/Src/main.c" -mcpu=cortex-m4 -std=gnu11 -g3 -DDEBUG -DUSE_HAL_DRIVER -DSTM32F407xx -c -I../USB_HOST/App -I../USB_HOST/Target -I../Core/Inc -I../Drivers/STM32F4xx_HAL_Driver/Inc -I../Drivers/STM32F4xx_HAL_Driver/Inc/Legacy -I../Middlewares/ST/STM32_USB_Host_Library/Core/Inc -I../Middlewares/ST/STM32_USB_Host_Library/Class/CDC/Inc -I../Drivers/CMSIS/Device/ST/STM32F4xx/Include -I../Drivers/CMSIS/Include -O0 -ffunction-sections -fdata-sections -Wall -fstack-usage -MMD -MP -MF"Core/Src/main.d" -MT"Core/Src/main.o" --specs=nano.specs -mfpu=fpv4-sp-d16 -mfloat-abi=hard -mthumb -o "Core/Src/main.o"
../Core/Src/main.c: In function 'ConfigureUART':
../Core/Src/main.c:65:8: error: 'UART_InitTypeDef' has no member named 'Instance'
   65 |  huart2.Instance = USART2;
      |        ^
../Core/Src/main.c:66:8: error: 'UART_InitTypeDef' has no member named 'Init'
   66 |  huart2.Init.BaudRate = 115200;
      |        ^
../Core/Src/main.c:67:8: error: 'UART_InitTypeDef' has no member named 'Init'
   67 |  huart2.Init.WordLength = UART_WORDLENGTH_8B;
      |        ^
../Core/Src/main.c:68:8: error: 'UART_InitTypeDef' has no member named 'Init'
   68 |  huart2.Init.StopBits = UART_STOPBITS_1;
      |        ^
../Core/Src/main.c:69:8: error: 'UART_InitTypeDef' has no member named 'Init'
   69 |  huart2.Init.Parity = UART_PARITY_NONE;
      |        ^
../Core/Src/main.c:70:8: error: 'UART_InitTypeDef' has no member named 'Init'
   70 |  huart2.Init.HwFlowCtl = UART_HWCONTROL_NONE;
      |        ^
../Core/Src/main.c:71:8: error: 'UART_InitTypeDef' has no member named 'Init'
   71 |  huart2.Init.Mode = UART_MODE_TX_RX;
      |        ^
../Core/Src/main.c:72:19: warning: passing argument 1 of 'HAL_UART_Init' from incompatible pointer type [-Wincompatible-pointer-types]
   72 |  if(HAL_UART_Init(&huart2) != HAL_OK)
      |                   ^~~~~~~
      |                   |
      |                   UART_InitTypeDef *
In file included from ../Core/Inc/stm32f4xx_hal_conf.h:407,
                 from ../Drivers/STM32F4xx_HAL_Driver/Inc/stm32f4xx_hal.h:29,
                 from ../Core/Inc/main.h:11,
                 from ../Core/Src/main.c:8:
../Drivers/STM32F4xx_HAL_Driver/Inc/stm32f4xx_hal_uart.h:695:53: note: expected 'UART_HandleTypeDef *' {aka 'struct __UART_HandleTypeDef *'} but argument is of type 'UART_InitTypeDef *'
  695 | HAL_StatusTypeDef HAL_UART_Init(UART_HandleTypeDef *huart);
      |                                 ~~~~~~~~~~~~~~~~~~~~^~~~~
make: *** [Core/Src/subdir.mk:34: Core/Src/main.o] Error 1
"make -j8 all" terminated with exit code 2. Build might be incomplete.
17:47:56 **** Incremental Build of configuration Debug for project HeartbeatChecker ****
make -j8 all 
arm-none-eabi-gcc "../Core/Src/main.c" -mcpu=cortex-m4 -std=gnu11 -g3 -DDEBUG -DUSE_HAL_DRIVER -DSTM32F407xx -c -I../USB_HOST/App -I../USB_HOST/Target -I../Core/Inc -I../Drivers/STM32F4xx_HAL_Driver/Inc -I../Drivers/STM32F4xx_HAL_Driver/Inc/Legacy -I../Middlewares/ST/STM32_USB_Host_Library/Core/Inc -I../Middlewares/ST/STM32_USB_Host_Library/Class/CDC/Inc -I../Drivers/CMSIS/Device/ST/STM32F4xx/Include -I../Drivers/CMSIS/Include -O0 -ffunction-sections -fdata-sections -Wall -fstack-usage -MMD -MP -MF"Core/Src/main.d" -MT"Core/Src/main.o" --specs=nano.specs -mfpu=fpv4-sp-d16 -mfloat-abi=hard -mthumb -o "Core/Src/main.o"
../Core/Src/main.c: In function 'ConfigureUART':
../Core/Src/main.c:65:8: error: 'UART_InitTypeDef' has no member named 'Instance'
   65 |  huart2.Instance = USART2;
      |        ^
../Core/Src/main.c:66:8: error: 'UART_InitTypeDef' has no member named 'Init'
   66 |  huart2.Init.BaudRate = 115200;
      |        ^
../Core/Src/main.c:67:8: error: 'UART_InitTypeDef' has no member named 'Init'
   67 |  huart2.Init.WordLength = UART_WORDLENGTH_8B;
      |        ^
../Core/Src/main.c:68:8: error: 'UART_InitTypeDef' has no member named 'Init'
   68 |  huart2.Init.StopBits = UART_STOPBITS_1;
      |        ^
../Core/Src/main.c:69:8: error: 'UART_InitTypeDef' has no member named 'Init'
   69 |  huart2.Init.Parity = UART_PARITY_NONE;
      |        ^
../Core/Src/main.c:70:8: error: 'UART_InitTypeDef' has no member named 'Init'
   70 |  huart2.Init.HwFlowCtl = UART_HWCONTROL_NONE;
      |        ^
../Core/Src/main.c:71:8: error: 'UART_InitTypeDef' has no member named 'Init'
   71 |  huart2.Init.Mode = UART_MODE_TX_RX;
      |        ^
../Core/Src/main.c:72:19: warning: passing argument 1 of 'HAL_UART_Init' from incompatible pointer type [-Wincompatible-pointer-types]
   72 |  if(HAL_UART_Init(&huart2) != HAL_OK)
      |                   ^~~~~~~
      |                   |
      |                   UART_InitTypeDef *
In file included from ../Core/Inc/stm32f4xx_hal_conf.h:407,
                 from ../Drivers/STM32F4xx_HAL_Driver/Inc/stm32f4xx_hal.h:29,
                 from ../Core/Inc/main.h:11,
                 from ../Core/Src/main.c:8:
../Drivers/STM32F4xx_HAL_Driver/Inc/stm32f4xx_hal_uart.h:695:53: note: expected 'UART_HandleTypeDef *' {aka 'struct __UART_HandleTypeDef *'} but argument is of type 'UART_InitTypeDef *'
  695 | HAL_StatusTypeDef HAL_UART_Init(UART_HandleTypeDef *huart);
      |                                 ~~~~~~~~~~~~~~~~~~~~^~~~~
make: *** [Core/Src/subdir.mk:34: Core/Src/main.o] Error 1
"make -j8 all" terminated with exit code 2. Build might be incomplete.
17:48:23 **** Incremental Build of configuration Debug for project HeartbeatChecker ****
make -j8 all 
arm-none-eabi-gcc "../Core/Src/main.c" -mcpu=cortex-m4 -std=gnu11 -g3 -DDEBUG -DUSE_HAL_DRIVER -DSTM32F407xx -c -I../USB_HOST/App -I../USB_HOST/Target -I../Core/Inc -I../Drivers/STM32F4xx_HAL_Driver/Inc -I../Drivers/STM32F4xx_HAL_Driver/Inc/Legacy -I../Middlewares/ST/STM32_USB_Host_Library/Core/Inc -I../Middlewares/ST/STM32_USB_Host_Library/Class/CDC/Inc -I../Drivers/CMSIS/Device/ST/STM32F4xx/Include -I../Drivers/CMSIS/Include -O0 -ffunction-sections -fdata-sections -Wall -fstack-usage -MMD -MP -MF"Core/Src/main.d" -MT"Core/Src/main.o" --specs=nano.specs -mfpu=fpv4-sp-d16 -mfloat-abi=hard -mthumb -o "Core/Src/main.o"
arm-none-eabi-gcc -o "HeartbeatChecker.elf" @"objects.list"   -mcpu=cortex-m4 -T"C:\Users\ASUS\Desktop\Project1\HeartbeatChecker\STM32F407VGTX_FLASH.ld" --specs=nosys.specs -Wl,-Map="HeartbeatChecker.map" -Wl,--gc-sections -static --specs=nano.specs -mfpu=fpv4-sp-d16 -mfloat-abi=hard -mthumb -Wl,--start-group -lc -lm -Wl,--end-group
Finished building target: HeartbeatChecker.elf
 
arm-none-eabi-size   HeartbeatChecker.elf 
arm-none-eabi-objdump -h -S  HeartbeatChecker.elf  > "HeartbeatChecker.list"
   text	   data	    bss	    dec	    hex	filename
   4644	     20	   1572	   6236	   185c	HeartbeatChecker.elf
Finished building: default.size.stdout
 
Finished building: HeartbeatChecker.list
 
17:49:56 **** Incremental Build of configuration Debug for project HeartbeatChecker ****
make -j8 all 
arm-none-eabi-gcc "../Core/Src/it.c" -mcpu=cortex-m4 -std=gnu11 -g3 -DDEBUG -DUSE_HAL_DRIVER -DSTM32F407xx -c -I../USB_HOST/App -I../USB_HOST/Target -I../Core/Inc -I../Drivers/STM32F4xx_HAL_Driver/Inc -I../Drivers/STM32F4xx_HAL_Driver/Inc/Legacy -I../Middlewares/ST/STM32_USB_Host_Library/Core/Inc -I../Middlewares/ST/STM32_USB_Host_Library/Class/CDC/Inc -I../Drivers/CMSIS/Device/ST/STM32F4xx/Include -I../Drivers/CMSIS/Include -O0 -ffunction-sections -fdata-sections -Wall -fstack-usage -MMD -MP -MF"Core/Src/it.d" -MT"Core/Src/it.o" --specs=nano.specs -mfpu=fpv4-sp-d16 -mfloat-abi=hard -mthumb -o "Core/Src/it.o"
arm-none-eabi-gcc "../Core/Src/main.c" -mcpu=cortex-m4 -std=gnu11 -g3 -DDEBUG -DUSE_HAL_DRIVER -DSTM32F407xx -c -I../USB_HOST/App -I../USB_HOST/Target -I../Core/Inc -I../Drivers/STM32F4xx_HAL_Driver/Inc -I../Drivers/STM32F4xx_HAL_Driver/Inc/Legacy -I../Middlewares/ST/STM32_USB_Host_Library/Core/Inc -I../Middlewares/ST/STM32_USB_Host_Library/Class/CDC/Inc -I../Drivers/CMSIS/Device/ST/STM32F4xx/Include -I../Drivers/CMSIS/Include -O0 -ffunction-sections -fdata-sections -Wall -fstack-usage -MMD -MP -MF"Core/Src/main.d" -MT"Core/Src/main.o" --specs=nano.specs -mfpu=fpv4-sp-d16 -mfloat-abi=hard -mthumb -o "Core/Src/main.o"
../Core/Src/it.c: In function 'SysTick_Handler':
../Core/Src/it.c:11:2: warning: implicit declaration of function 'HAL_IncTick' [-Wimplicit-function-declaration]
   11 |  HAL_IncTick();
      |  ^~~~~~~~~~~
../Core/Src/it.c:12:2: warning: implicit declaration of function 'HAL_SYSTICK_IRQHandler' [-Wimplicit-function-declaration]
   12 |  HAL_SYSTICK_IRQHandler();
      |  ^~~~~~~~~~~~~~~~~~~~~~
../Core/Src/it.c: In function 'ADC_IRQHandler':
../Core/Src/it.c:19:2: warning: implicit declaration of function 'HAL_ADC_IRQHandler'; did you mean 'ADC_IRQHandler'? [-Wimplicit-function-declaration]
   19 |  HAL_ADC_IRQHandler(&hadc1);
      |  ^~~~~~~~~~~~~~~~~~
      |  ADC_IRQHandler
../Core/Src/it.c:19:22: error: 'hadc1' undeclared (first use in this function)
   19 |  HAL_ADC_IRQHandler(&hadc1);
      |                      ^~~~~
../Core/Src/it.c:19:22: note: each undeclared identifier is reported only once for each function it appears in
make: *** [Core/Src/subdir.mk:34: Core/Src/it.o] Error 1
make: *** Waiting for unfinished jobs....
"make -j8 all" terminated with exit code 2. Build might be incomplete.
17:50:09 **** Incremental Build of configuration Debug for project HeartbeatChecker ****
make -j8 all 
arm-none-eabi-gcc "../Core/Src/it.c" -mcpu=cortex-m4 -std=gnu11 -g3 -DDEBUG -DUSE_HAL_DRIVER -DSTM32F407xx -c -I../USB_HOST/App -I../USB_HOST/Target -I../Core/Inc -I../Drivers/STM32F4xx_HAL_Driver/Inc -I../Drivers/STM32F4xx_HAL_Driver/Inc/Legacy -I../Middlewares/ST/STM32_USB_Host_Library/Core/Inc -I../Middlewares/ST/STM32_USB_Host_Library/Class/CDC/Inc -I../Drivers/CMSIS/Device/ST/STM32F4xx/Include -I../Drivers/CMSIS/Include -O0 -ffunction-sections -fdata-sections -Wall -fstack-usage -MMD -MP -MF"Core/Src/it.d" -MT"Core/Src/it.o" --specs=nano.specs -mfpu=fpv4-sp-d16 -mfloat-abi=hard -mthumb -o "Core/Src/it.o"
../Core/Src/it.c: In function 'ADC_IRQHandler':
../Core/Src/it.c:20:22: error: 'hadc1' undeclared (first use in this function)
   20 |  HAL_ADC_IRQHandler(&hadc1);
      |                      ^~~~~
../Core/Src/it.c:20:22: note: each undeclared identifier is reported only once for each function it appears in
make: *** [Core/Src/subdir.mk:34: Core/Src/it.o] Error 1
"make -j8 all" terminated with exit code 2. Build might be incomplete.
18:32:47 **** Incremental Build of configuration Debug for project HeartbeatChecker ****
make -j8 all 
arm-none-eabi-gcc "../Core/Src/it.c" -mcpu=cortex-m4 -std=gnu11 -g3 -DDEBUG -DUSE_HAL_DRIVER -DSTM32F407xx -c -I../USB_HOST/App -I../USB_HOST/Target -I../Core/Inc -I../Drivers/STM32F4xx_HAL_Driver/Inc -I../Drivers/STM32F4xx_HAL_Driver/Inc/Legacy -I../Middlewares/ST/STM32_USB_Host_Library/Core/Inc -I../Middlewares/ST/STM32_USB_Host_Library/Class/CDC/Inc -I../Drivers/CMSIS/Device/ST/STM32F4xx/Include -I../Drivers/CMSIS/Include -O0 -ffunction-sections -fdata-sections -Wall -fstack-usage -MMD -MP -MF"Core/Src/it.d" -MT"Core/Src/it.o" --specs=nano.specs -mfpu=fpv4-sp-d16 -mfloat-abi=hard -mthumb -o "Core/Src/it.o"
arm-none-eabi-gcc "../Core/Src/main.c" -mcpu=cortex-m4 -std=gnu11 -g3 -DDEBUG -DUSE_HAL_DRIVER -DSTM32F407xx -c -I../USB_HOST/App -I../USB_HOST/Target -I../Core/Inc -I../Drivers/STM32F4xx_HAL_Driver/Inc -I../Drivers/STM32F4xx_HAL_Driver/Inc/Legacy -I../Middlewares/ST/STM32_USB_Host_Library/Core/Inc -I../Middlewares/ST/STM32_USB_Host_Library/Class/CDC/Inc -I../Drivers/CMSIS/Device/ST/STM32F4xx/Include -I../Drivers/CMSIS/Include -O0 -ffunction-sections -fdata-sections -Wall -fstack-usage -MMD -MP -MF"Core/Src/main.d" -MT"Core/Src/main.o" --specs=nano.specs -mfpu=fpv4-sp-d16 -mfloat-abi=hard -mthumb -o "Core/Src/main.o"
arm-none-eabi-gcc "../Core/Src/msp.c" -mcpu=cortex-m4 -std=gnu11 -g3 -DDEBUG -DUSE_HAL_DRIVER -DSTM32F407xx -c -I../USB_HOST/App -I../USB_HOST/Target -I../Core/Inc -I../Drivers/STM32F4xx_HAL_Driver/Inc -I../Drivers/STM32F4xx_HAL_Driver/Inc/Legacy -I../Middlewares/ST/STM32_USB_Host_Library/Core/Inc -I../Middlewares/ST/STM32_USB_Host_Library/Class/CDC/Inc -I../Drivers/CMSIS/Device/ST/STM32F4xx/Include -I../Drivers/CMSIS/Include -O0 -ffunction-sections -fdata-sections -Wall -fstack-usage -MMD -MP -MF"Core/Src/msp.d" -MT"Core/Src/msp.o" --specs=nano.specs -mfpu=fpv4-sp-d16 -mfloat-abi=hard -mthumb -o "Core/Src/msp.o"
../Core/Src/main.c: In function 'printmsg':
../Core/Src/main.c:25:2: error: unknown type name 'va_list'
   25 |  va_list args;
      |  ^~~~~~~
../Core/Src/main.c:9:1: note: 'va_list' is defined in header '<stdarg.h>'; did you forget to '#include <stdarg.h>'?
    8 | #include "main.h"
  +++ |+#include <stdarg.h>
    9 | 
../Core/Src/main.c:26:2: warning: implicit declaration of function 'va_start' [-Wimplicit-function-declaration]
   26 |  va_start(args, format);
      |  ^~~~~~~~
../Core/Src/main.c:27:2: warning: implicit declaration of function 'vsprintf' [-Wimplicit-function-declaration]
   27 |  vsprintf(str, format, args);
      |  ^~~~~~~~
../Core/Src/main.c:27:24: warning: incompatible type for argument 3 of 'vsprintf' [-Wbuiltin-declaration-mismatch]
   27 |  vsprintf(str, format, args);
      |                        ^~~~
../Core/Src/main.c:27:24: note: expected '__va_list' but argument is of type 'int'
../Core/Src/main.c:28:21: error: 'huart2' undeclared (first use in this function)
   28 |  HAL_UART_Transmit(&huart2, (uint8_t*)str, strlen(str), HAL_MAX_DELAY);
      |                     ^~~~~~
../Core/Src/main.c:28:21: note: each undeclared identifier is reported only once for each function it appears in
../Core/Src/main.c:28:44: warning: implicit declaration of function 'strlen' [-Wimplicit-function-declaration]
   28 |  HAL_UART_Transmit(&huart2, (uint8_t*)str, strlen(str), HAL_MAX_DELAY);
      |                                            ^~~~~~
../Core/Src/main.c:28:44: warning: incompatible implicit declaration of built-in function 'strlen'
../Core/Src/main.c:9:1: note: include '<string.h>' or provide a declaration of 'strlen'
    8 | #include "main.h"
  +++ |+#include <string.h>
    9 | 
../Core/Src/main.c:29:2: warning: implicit declaration of function 'va_end' [-Wimplicit-function-declaration]
   29 |  va_end(args);
      |  ^~~~~~
../Core/Src/main.c: In function 'main':
../Core/Src/main.c:38:2: warning: statement with no effect [-Wunused-value]
   38 |  ADC_Init
      |  ^~~~~~~~
../Core/Src/main.c:38:10: error: expected ';' before 'ConfigureButtonandSensor'
   38 |  ADC_Init
      |          ^
      |          ;
   39 |  ConfigureButtonandSensor();
      |  ~~~~~~~~~~~~~~~~~~~~~~~~
../Core/Src/main.c:40:2: warning: statement with no effect [-Wunused-value]
   40 |  ConfigureUART
      |  ^~~~~~~~~~~~~
../Core/Src/main.c:40:15: error: expected ';' before 'while'
   40 |  ConfigureUART
      |               ^
      |               ;
   41 | 
   42 |  while(1);
      |  ~~~~~         
make: *** [Core/Src/subdir.mk:34: Core/Src/main.o] Error 1
make: *** Waiting for unfinished jobs....
"make -j8 all" terminated with exit code 2. Build might be incomplete.
18:33:10 **** Incremental Build of configuration Debug for project HeartbeatChecker ****
make -j8 all 
arm-none-eabi-gcc "../Core/Src/main.c" -mcpu=cortex-m4 -std=gnu11 -g3 -DDEBUG -DUSE_HAL_DRIVER -DSTM32F407xx -c -I../USB_HOST/App -I../USB_HOST/Target -I../Core/Inc -I../Drivers/STM32F4xx_HAL_Driver/Inc -I../Drivers/STM32F4xx_HAL_Driver/Inc/Legacy -I../Middlewares/ST/STM32_USB_Host_Library/Core/Inc -I../Middlewares/ST/STM32_USB_Host_Library/Class/CDC/Inc -I../Drivers/CMSIS/Device/ST/STM32F4xx/Include -I../Drivers/CMSIS/Include -O0 -ffunction-sections -fdata-sections -Wall -fstack-usage -MMD -MP -MF"Core/Src/main.d" -MT"Core/Src/main.o" --specs=nano.specs -mfpu=fpv4-sp-d16 -mfloat-abi=hard -mthumb -o "Core/Src/main.o"
../Core/Src/main.c: In function 'printmsg':
../Core/Src/main.c:25:2: error: unknown type name 'va_list'
   25 |  va_list args;
      |  ^~~~~~~
../Core/Src/main.c:9:1: note: 'va_list' is defined in header '<stdarg.h>'; did you forget to '#include <stdarg.h>'?
    8 | #include "main.h"
  +++ |+#include <stdarg.h>
    9 | 
../Core/Src/main.c:26:2: warning: implicit declaration of function 'va_start' [-Wimplicit-function-declaration]
   26 |  va_start(args, format);
      |  ^~~~~~~~
../Core/Src/main.c:27:2: warning: implicit declaration of function 'vsprintf' [-Wimplicit-function-declaration]
   27 |  vsprintf(str, format, args);
      |  ^~~~~~~~
../Core/Src/main.c:27:24: warning: incompatible type for argument 3 of 'vsprintf' [-Wbuiltin-declaration-mismatch]
   27 |  vsprintf(str, format, args);
      |                        ^~~~
../Core/Src/main.c:27:24: note: expected '__va_list' but argument is of type 'int'
../Core/Src/main.c:28:21: error: 'huart2' undeclared (first use in this function)
   28 |  HAL_UART_Transmit(&huart2, (uint8_t*)str, strlen(str), HAL_MAX_DELAY);
      |                     ^~~~~~
../Core/Src/main.c:28:21: note: each undeclared identifier is reported only once for each function it appears in
../Core/Src/main.c:28:44: warning: implicit declaration of function 'strlen' [-Wimplicit-function-declaration]
   28 |  HAL_UART_Transmit(&huart2, (uint8_t*)str, strlen(str), HAL_MAX_DELAY);
      |                                            ^~~~~~
../Core/Src/main.c:28:44: warning: incompatible implicit declaration of built-in function 'strlen'
../Core/Src/main.c:9:1: note: include '<string.h>' or provide a declaration of 'strlen'
    8 | #include "main.h"
  +++ |+#include <string.h>
    9 | 
../Core/Src/main.c:29:2: warning: implicit declaration of function 'va_end' [-Wimplicit-function-declaration]
   29 |  va_end(args);
      |  ^~~~~~
make: *** [Core/Src/subdir.mk:34: Core/Src/main.o] Error 1
"make -j8 all" terminated with exit code 2. Build might be incomplete.
18:33:27 **** Incremental Build of configuration Debug for project HeartbeatChecker ****
make -j8 all 
arm-none-eabi-gcc "../Core/Src/main.c" -mcpu=cortex-m4 -std=gnu11 -g3 -DDEBUG -DUSE_HAL_DRIVER -DSTM32F407xx -c -I../USB_HOST/App -I../USB_HOST/Target -I../Core/Inc -I../Drivers/STM32F4xx_HAL_Driver/Inc -I../Drivers/STM32F4xx_HAL_Driver/Inc/Legacy -I../Middlewares/ST/STM32_USB_Host_Library/Core/Inc -I../Middlewares/ST/STM32_USB_Host_Library/Class/CDC/Inc -I../Drivers/CMSIS/Device/ST/STM32F4xx/Include -I../Drivers/CMSIS/Include -O0 -ffunction-sections -fdata-sections -Wall -fstack-usage -MMD -MP -MF"Core/Src/main.d" -MT"Core/Src/main.o" --specs=nano.specs -mfpu=fpv4-sp-d16 -mfloat-abi=hard -mthumb -o "Core/Src/main.o"
../Core/Src/main.c: In function 'printmsg':
../Core/Src/main.c:32:21: error: 'huart2' undeclared (first use in this function)
   32 |  HAL_UART_Transmit(&huart2, (uint8_t*)str, strlen(str), HAL_MAX_DELAY);
      |                     ^~~~~~
../Core/Src/main.c:32:21: note: each undeclared identifier is reported only once for each function it appears in
make: *** [Core/Src/subdir.mk:34: Core/Src/main.o] Error 1
"make -j8 all" terminated with exit code 2. Build might be incomplete.
18:34:08 **** Incremental Build of configuration Debug for project HeartbeatChecker ****
make -j8 all 
arm-none-eabi-gcc "../Core/Src/main.c" -mcpu=cortex-m4 -std=gnu11 -g3 -DDEBUG -DUSE_HAL_DRIVER -DSTM32F407xx -c -I../USB_HOST/App -I../USB_HOST/Target -I../Core/Inc -I../Drivers/STM32F4xx_HAL_Driver/Inc -I../Drivers/STM32F4xx_HAL_Driver/Inc/Legacy -I../Middlewares/ST/STM32_USB_Host_Library/Core/Inc -I../Middlewares/ST/STM32_USB_Host_Library/Class/CDC/Inc -I../Drivers/CMSIS/Device/ST/STM32F4xx/Include -I../Drivers/CMSIS/Include -O0 -ffunction-sections -fdata-sections -Wall -fstack-usage -MMD -MP -MF"Core/Src/main.d" -MT"Core/Src/main.o" --specs=nano.specs -mfpu=fpv4-sp-d16 -mfloat-abi=hard -mthumb -o "Core/Src/main.o"
arm-none-eabi-gcc -o "HeartbeatChecker.elf" @"objects.list"   -mcpu=cortex-m4 -T"C:\Users\ASUS\Desktop\Project1\HeartbeatChecker\STM32F407VGTX_FLASH.ld" --specs=nosys.specs -Wl,-Map="HeartbeatChecker.map" -Wl,--gc-sections -static --specs=nano.specs -mfpu=fpv4-sp-d16 -mfloat-abi=hard -mthumb -Wl,--start-group -lc -lm -Wl,--end-group
Finished building target: HeartbeatChecker.elf
 
arm-none-eabi-size   HeartbeatChecker.elf 
arm-none-eabi-objdump -h -S  HeartbeatChecker.elf  > "HeartbeatChecker.list"
   text	   data	    bss	    dec	    hex	filename
  12088	    120	   1728	  13936	   3670	HeartbeatChecker.elf
Finished building: default.size.stdout
 
Finished building: HeartbeatChecker.list
 
18:39:34 **** Incremental Build of configuration Debug for project HeartbeatChecker ****
make -j8 all 
arm-none-eabi-gcc "../Core/Src/main.c" -mcpu=cortex-m4 -std=gnu11 -g3 -DDEBUG -DUSE_HAL_DRIVER -DSTM32F407xx -c -I../USB_HOST/App -I../USB_HOST/Target -I../Core/Inc -I../Drivers/STM32F4xx_HAL_Driver/Inc -I../Drivers/STM32F4xx_HAL_Driver/Inc/Legacy -I../Middlewares/ST/STM32_USB_Host_Library/Core/Inc -I../Middlewares/ST/STM32_USB_Host_Library/Class/CDC/Inc -I../Drivers/CMSIS/Device/ST/STM32F4xx/Include -I../Drivers/CMSIS/Include -O0 -ffunction-sections -fdata-sections -Wall -fstack-usage -MMD -MP -MF"Core/Src/main.d" -MT"Core/Src/main.o" --specs=nano.specs -mfpu=fpv4-sp-d16 -mfloat-abi=hard -mthumb -o "Core/Src/main.o"
arm-none-eabi-gcc -o "HeartbeatChecker.elf" @"objects.list"   -mcpu=cortex-m4 -T"C:\Users\ASUS\Desktop\Project1\HeartbeatChecker\STM32F407VGTX_FLASH.ld" --specs=nosys.specs -Wl,-Map="HeartbeatChecker.map" -Wl,--gc-sections -static --specs=nano.specs -mfpu=fpv4-sp-d16 -mfloat-abi=hard -mthumb -Wl,--start-group -lc -lm -Wl,--end-group
Finished building target: HeartbeatChecker.elf
 
arm-none-eabi-size   HeartbeatChecker.elf 
arm-none-eabi-objdump -h -S  HeartbeatChecker.elf  > "HeartbeatChecker.list"
   text	   data	    bss	    dec	    hex	filename
  12092	    120	   1728	  13940	   3674	HeartbeatChecker.elf
Finished building: default.size.stdout
 
Finished building: HeartbeatChecker.list
 
18:40:42 **** Incremental Build of configuration Debug for project HeartbeatChecker ****
make -j8 all 
arm-none-eabi-size   HeartbeatChecker.elf 
   text	   data	    bss	    dec	    hex	filename
  12092	    120	   1728	  13940	   3674	HeartbeatChecker.elf
Finished building: default.size.stdout
 
18:43:56 **** Incremental Build of configuration Debug for project HeartbeatChecker ****
make -j8 all 
arm-none-eabi-size   HeartbeatChecker.elf 
   text	   data	    bss	    dec	    hex	filename
  12092	    120	   1728	  13940	   3674	HeartbeatChecker.elf
Finished building: default.size.stdout
 
18:44:19 **** Incremental Build of configuration Debug for project HeartbeatChecker ****
make -j8 all 
arm-none-eabi-size   HeartbeatChecker.elf 
   text	   data	    bss	    dec	    hex	filename
  12092	    120	   1728	  13940	   3674	HeartbeatChecker.elf
Finished building: default.size.stdout
 
18:44:26 **** Incremental Build of configuration Debug for project HeartbeatChecker ****
make -j8 all 
arm-none-eabi-size   HeartbeatChecker.elf 
   text	   data	    bss	    dec	    hex	filename
  12092	    120	   1728	  13940	   3674	HeartbeatChecker.elf
Finished building: default.size.stdout
 
18:44:58 **** Incremental Build of configuration Debug for project HeartbeatChecker ****
make -j8 all 
arm-none-eabi-size   HeartbeatChecker.elf 
   text	   data	    bss	    dec	    hex	filename
  12092	    120	   1728	  13940	   3674	HeartbeatChecker.elf
Finished building: default.size.stdout
 
